This is pdfTeX, Version 3.14159265-2.6-1.40.16 (TeX Live 2015/Debian) (preloaded format=pdflatex 2017.8.23)  10 FEB 2018 00:26
entering extended mode
 restricted \write18 enabled.
 %&-line parsing enabled.
**HW2_sol
(./HW2_sol.tex
LaTeX2e <2016/02/01>
Babel <3.9q> and hyphenation patterns for 3 language(s) loaded.
(/usr/share/texlive/texmf-dist/tex/latex/base/article.cls
Document Class: article 2014/09/29 v1.4h Standard LaTeX document class
(/usr/share/texlive/texmf-dist/tex/latex/base/size12.clo
File: size12.clo 2014/09/29 v1.4h Standard LaTeX file (size option)
)
\c@part=\count79
\c@section=\count80
\c@subsection=\count81
\c@subsubsection=\count82
\c@paragraph=\count83
\c@subparagraph=\count84
\c@figure=\count85
\c@table=\count86
\abovecaptionskip=\skip41
\belowcaptionskip=\skip42
\bibindent=\dimen102
)
(/usr/share/texlive/texmf-dist/tex/latex/amsfonts/amssymb.sty
Package: amssymb 2013/01/14 v3.01 AMS font symbols

(/usr/share/texlive/texmf-dist/tex/latex/amsfonts/amsfonts.sty
Package: amsfonts 2013/01/14 v3.01 Basic AMSFonts support
\@emptytoks=\toks14
\symAMSa=\mathgroup4
\symAMSb=\mathgroup5
LaTeX Font Info:    Overwriting math alphabet `\mathfrak' in version `bold'
(Font)                  U/euf/m/n --> U/euf/b/n on input line 106.
))
(/usr/share/texlive/texmf-dist/tex/latex/amsmath/amsmath.sty
Package: amsmath 2016/03/03 v2.15a AMS math features
\@mathmargin=\skip43

For additional information on amsmath, use the `?' option.
(/usr/share/texlive/texmf-dist/tex/latex/amsmath/amstext.sty
Package: amstext 2000/06/29 v2.01 AMS text

(/usr/share/texlive/texmf-dist/tex/latex/amsmath/amsgen.sty
File: amsgen.sty 1999/11/30 v2.0 generic functions
\@emptytoks=\toks15
\ex@=\dimen103
))
(/usr/share/texlive/texmf-dist/tex/latex/amsmath/amsbsy.sty
Package: amsbsy 1999/11/29 v1.2d Bold Symbols
\pmbraise@=\dimen104
)
(/usr/share/texlive/texmf-dist/tex/latex/amsmath/amsopn.sty
Package: amsopn 1999/12/14 v2.01 operator names
)
\inf@bad=\count87
LaTeX Info: Redefining \frac on input line 199.
\uproot@=\count88
\leftroot@=\count89
LaTeX Info: Redefining \overline on input line 297.
\classnum@=\count90
\DOTSCASE@=\count91
LaTeX Info: Redefining \ldots on input line 394.
LaTeX Info: Redefining \dots on input line 397.
LaTeX Info: Redefining \cdots on input line 518.
\Mathstrutbox@=\box26
\strutbox@=\box27
\big@size=\dimen105
LaTeX Font Info:    Redeclaring font encoding OML on input line 630.
LaTeX Font Info:    Redeclaring font encoding OMS on input line 631.
\macc@depth=\count92
\c@MaxMatrixCols=\count93
\dotsspace@=\muskip10
\c@parentequation=\count94
\dspbrk@lvl=\count95
\tag@help=\toks16
\row@=\count96
\column@=\count97
\maxfields@=\count98
\andhelp@=\toks17
\eqnshift@=\dimen106
\alignsep@=\dimen107
\tagshift@=\dimen108
\tagwidth@=\dimen109
\totwidth@=\dimen110
\lineht@=\dimen111
\@envbody=\toks18
\multlinegap=\skip44
\multlinetaggap=\skip45
\mathdisplay@stack=\toks19
LaTeX Info: Redefining \[ on input line 2735.
LaTeX Info: Redefining \] on input line 2736.
)
(/usr/share/texlive/texmf-dist/tex/latex/fancyhdr/fancyhdr.sty
\fancy@headwidth=\skip46
\f@ncyO@elh=\skip47
\f@ncyO@erh=\skip48
\f@ncyO@olh=\skip49
\f@ncyO@orh=\skip50
\f@ncyO@elf=\skip51
\f@ncyO@erf=\skip52
\f@ncyO@olf=\skip53
\f@ncyO@orf=\skip54
)
(/usr/share/texlive/texmf-dist/tex/latex/lastpage/lastpage.sty
Package: lastpage 2015/03/29 v1.2m Refers to last page's name (HMM; JPG)
)
(/usr/share/texlive/texmf-dist/tex/latex/graphics/graphicx.sty
Package: graphicx 2014/10/28 v1.0g Enhanced LaTeX Graphics (DPC,SPQR)

(/usr/share/texlive/texmf-dist/tex/latex/graphics/keyval.sty
Package: keyval 2014/10/28 v1.15 key=value parser (DPC)
\KV@toks@=\toks20
)
(/usr/share/texlive/texmf-dist/tex/latex/graphics/graphics.sty
Package: graphics 2016/01/03 v1.0q Standard LaTeX Graphics (DPC,SPQR)

(/usr/share/texlive/texmf-dist/tex/latex/graphics/trig.sty
Package: trig 2016/01/03 v1.10 sin cos tan (DPC)
)
(/usr/share/texlive/texmf-dist/tex/latex/latexconfig/graphics.cfg
File: graphics.cfg 2010/04/23 v1.9 graphics configuration of TeX Live
)
Package graphics Info: Driver file: pdftex.def on input line 95.

(/usr/share/texlive/texmf-dist/tex/latex/pdftex-def/pdftex.def
File: pdftex.def 2011/05/27 v0.06d Graphics/color for pdfTeX

(/usr/share/texlive/texmf-dist/tex/generic/oberdiek/infwarerr.sty
Package: infwarerr 2010/04/08 v1.3 Providing info/warning/error messages (HO)
)
(/usr/share/texlive/texmf-dist/tex/generic/oberdiek/ltxcmds.sty
Package: ltxcmds 2011/11/09 v1.22 LaTeX kernel commands for general use (HO)
)
\Gread@gobject=\count99
))
\Gin@req@height=\dimen112
\Gin@req@width=\dimen113
)
(/usr/share/texlive/texmf-dist/tex/latex/stix/stix.sty
Package: stix 2015/04/17 v1.1.2-latex STIX fonts support package

(/usr/share/texlive/texmf-dist/tex/latex/base/textcomp.sty
Package: textcomp 2005/09/27 v1.99g Standard LaTeX package
Package textcomp Info: Sub-encoding information:
(textcomp)               5 = only ISO-Adobe without \textcurrency
(textcomp)               4 = 5 + \texteuro
(textcomp)               3 = 4 + \textohm
(textcomp)               2 = 3 + \textestimated + \textcurrency
(textcomp)               1 = TS1 - \textcircled - \t
(textcomp)               0 = TS1 (full)
(textcomp)             Font families with sub-encoding setting implement
(textcomp)             only a restricted character set as indicated.
(textcomp)             Family '?' is the default used for unknown fonts.
(textcomp)             See the documentation for details.
Package textcomp Info: Setting ? sub-encoding to TS1/1 on input line 79.
Package textcomp Info: Changing ? sub-encoding to TS1/0 on input line 80.

(/usr/share/texlive/texmf-dist/tex/latex/base/ts1enc.def
File: ts1enc.def 2001/06/05 v3.0e (jk/car/fm) Standard LaTeX file
)
LaTeX Info: Redefining \oldstylenums on input line 334.
Package textcomp Info: Setting cmr sub-encoding to TS1/0 on input line 349.
Package textcomp Info: Setting cmss sub-encoding to TS1/0 on input line 350.
Package textcomp Info: Setting cmtt sub-encoding to TS1/0 on input line 351.
Package textcomp Info: Setting cmvtt sub-encoding to TS1/0 on input line 352.
Package textcomp Info: Setting cmbr sub-encoding to TS1/0 on input line 353.
Package textcomp Info: Setting cmtl sub-encoding to TS1/0 on input line 354.
Package textcomp Info: Setting ccr sub-encoding to TS1/0 on input line 355.
Package textcomp Info: Setting ptm sub-encoding to TS1/4 on input line 356.
Package textcomp Info: Setting pcr sub-encoding to TS1/4 on input line 357.
Package textcomp Info: Setting phv sub-encoding to TS1/4 on input line 358.
Package textcomp Info: Setting ppl sub-encoding to TS1/3 on input line 359.
Package textcomp Info: Setting pag sub-encoding to TS1/4 on input line 360.
Package textcomp Info: Setting pbk sub-encoding to TS1/4 on input line 361.
Package textcomp Info: Setting pnc sub-encoding to TS1/4 on input line 362.
Package textcomp Info: Setting pzc sub-encoding to TS1/4 on input line 363.
Package textcomp Info: Setting bch sub-encoding to TS1/4 on input line 364.
Package textcomp Info: Setting put sub-encoding to TS1/5 on input line 365.
Package textcomp Info: Setting uag sub-encoding to TS1/5 on input line 366.
Package textcomp Info: Setting ugq sub-encoding to TS1/5 on input line 367.
Package textcomp Info: Setting ul8 sub-encoding to TS1/4 on input line 368.
Package textcomp Info: Setting ul9 sub-encoding to TS1/4 on input line 369.
Package textcomp Info: Setting augie sub-encoding to TS1/5 on input line 370.
Package textcomp Info: Setting dayrom sub-encoding to TS1/3 on input line 371.
Package textcomp Info: Setting dayroms sub-encoding to TS1/3 on input line 372.

Package textcomp Info: Setting pxr sub-encoding to TS1/0 on input line 373.
Package textcomp Info: Setting pxss sub-encoding to TS1/0 on input line 374.
Package textcomp Info: Setting pxtt sub-encoding to TS1/0 on input line 375.
Package textcomp Info: Setting txr sub-encoding to TS1/0 on input line 376.
Package textcomp Info: Setting txss sub-encoding to TS1/0 on input line 377.
Package textcomp Info: Setting txtt sub-encoding to TS1/0 on input line 378.
Package textcomp Info: Setting lmr sub-encoding to TS1/0 on input line 379.
Package textcomp Info: Setting lmdh sub-encoding to TS1/0 on input line 380.
Package textcomp Info: Setting lmss sub-encoding to TS1/0 on input line 381.
Package textcomp Info: Setting lmssq sub-encoding to TS1/0 on input line 382.
Package textcomp Info: Setting lmvtt sub-encoding to TS1/0 on input line 383.
Package textcomp Info: Setting lmtt sub-encoding to TS1/0 on input line 384.
Package textcomp Info: Setting qhv sub-encoding to TS1/0 on input line 385.
Package textcomp Info: Setting qag sub-encoding to TS1/0 on input line 386.
Package textcomp Info: Setting qbk sub-encoding to TS1/0 on input line 387.
Package textcomp Info: Setting qcr sub-encoding to TS1/0 on input line 388.
Package textcomp Info: Setting qcs sub-encoding to TS1/0 on input line 389.
Package textcomp Info: Setting qpl sub-encoding to TS1/0 on input line 390.
Package textcomp Info: Setting qtm sub-encoding to TS1/0 on input line 391.
Package textcomp Info: Setting qzc sub-encoding to TS1/0 on input line 392.
Package textcomp Info: Setting qhvc sub-encoding to TS1/0 on input line 393.
Package textcomp Info: Setting futs sub-encoding to TS1/4 on input line 394.
Package textcomp Info: Setting futx sub-encoding to TS1/4 on input line 395.
Package textcomp Info: Setting futj sub-encoding to TS1/4 on input line 396.
Package textcomp Info: Setting hlh sub-encoding to TS1/3 on input line 397.
Package textcomp Info: Setting hls sub-encoding to TS1/3 on input line 398.
Package textcomp Info: Setting hlst sub-encoding to TS1/3 on input line 399.
Package textcomp Info: Setting hlct sub-encoding to TS1/5 on input line 400.
Package textcomp Info: Setting hlx sub-encoding to TS1/5 on input line 401.
Package textcomp Info: Setting hlce sub-encoding to TS1/5 on input line 402.
Package textcomp Info: Setting hlcn sub-encoding to TS1/5 on input line 403.
Package textcomp Info: Setting hlcw sub-encoding to TS1/5 on input line 404.
Package textcomp Info: Setting hlcf sub-encoding to TS1/5 on input line 405.
Package textcomp Info: Setting pplx sub-encoding to TS1/3 on input line 406.
Package textcomp Info: Setting pplj sub-encoding to TS1/3 on input line 407.
Package textcomp Info: Setting ptmx sub-encoding to TS1/4 on input line 408.
Package textcomp Info: Setting ptmj sub-encoding to TS1/4 on input line 409.
)
LaTeX Font Info:    Redeclaring symbol font `letters' on input line 76.
LaTeX Font Info:    Encoding `OML' has changed to `LS1' for symbol font
(Font)              `letters' in the math version `normal' on input line 76.
LaTeX Font Info:    Overwriting symbol font `letters' in version `normal'
(Font)                  OML/cmm/m/it --> LS1/stix/m/it on input line 76.
LaTeX Font Info:    Encoding `OML' has changed to `LS1' for symbol font
(Font)              `letters' in the math version `bold' on input line 76.
LaTeX Font Info:    Overwriting symbol font `letters' in version `bold'
(Font)                  OML/cmm/b/it --> LS1/stix/m/it on input line 76.
LaTeX Font Info:    Redeclaring symbol font `operators' on input line 77.
LaTeX Font Info:    Encoding `OT1' has changed to `LS1' for symbol font
(Font)              `operators' in the math version `normal' on input line 77.
LaTeX Font Info:    Overwriting symbol font `operators' in version `normal'
(Font)                  OT1/cmr/m/n --> LS1/stix/m/n on input line 77.
LaTeX Font Info:    Encoding `OT1' has changed to `LS1' for symbol font
(Font)              `operators' in the math version `bold' on input line 77.
LaTeX Font Info:    Overwriting symbol font `operators' in version `bold'
(Font)                  OT1/cmr/bx/n --> LS1/stix/m/n on input line 77.
\symbold-operators=\mathgroup6
LaTeX Font Info:    Redeclaring symbol font `symbols' on input line 79.
LaTeX Font Info:    Encoding `OMS' has changed to `LS1' for symbol font
(Font)              `symbols' in the math version `normal' on input line 79.
LaTeX Font Info:    Overwriting symbol font `symbols' in version `normal'
(Font)                  OMS/cmsy/m/n --> LS1/stixscr/m/n on input line 79.
LaTeX Font Info:    Encoding `OMS' has changed to `LS1' for symbol font
(Font)              `symbols' in the math version `bold' on input line 79.
LaTeX Font Info:    Overwriting symbol font `symbols' in version `bold'
(Font)                  OMS/cmsy/b/n --> LS1/stixscr/m/n on input line 79.
\symsymbols2=\mathgroup7
\symsymbols3=\mathgroup8
\symsymbols4=\mathgroup9
\symintegrals=\mathgroup10
LaTeX Font Info:    Redeclaring symbol font `largesymbols' on input line 84.
LaTeX Font Info:    Encoding `OMX' has changed to `LS2' for symbol font
(Font)              `largesymbols' in the math version `normal' on input line 8
4.
LaTeX Font Info:    Overwriting symbol font `largesymbols' in version `normal'
(Font)                  OMX/cmex/m/n --> LS2/stixex/m/n on input line 84.
LaTeX Font Info:    Encoding `OMX' has changed to `LS2' for symbol font
(Font)              `largesymbols' in the math version `bold' on input line 84.

LaTeX Font Info:    Overwriting symbol font `largesymbols' in version `bold'
(Font)                  OMX/cmex/m/n --> LS2/stixex/m/n on input line 84.
\symarrows1=\mathgroup11
\symarrows2=\mathgroup12
\symarrows3=\mathgroup13
LaTeX Font Info:    Overwriting symbol font `letters' in version `bold'
(Font)                  LS1/stix/m/it --> LS1/stix/b/it on input line 88.
LaTeX Font Info:    Overwriting symbol font `operators' in version `bold'
(Font)                  LS1/stix/m/n --> LS1/stix/b/n on input line 89.
LaTeX Font Info:    Overwriting symbol font `symbols' in version `bold'
(Font)                  LS1/stixscr/m/n --> LS1/stixscr/b/n on input line 90.
LaTeX Font Info:    Overwriting symbol font `symbols2' in version `bold'
(Font)                  LS1/stixfrak/m/n --> LS1/stixfrak/b/n on input line 91.

LaTeX Font Info:    Overwriting symbol font `symbols3' in version `bold'
(Font)                  LS1/stixbb/m/n --> LS1/stixbb/b/n on input line 92.
LaTeX Font Info:    Overwriting symbol font `symbols4' in version `bold'
(Font)                  LS1/stixbb/m/it --> LS1/stixbb/b/it on input line 93.
LaTeX Font Info:    Overwriting symbol font `integrals' in version `bold'
(Font)                  LS2/stixcal/m/n --> LS2/stixcal/b/n on input line 94.
LaTeX Font Info:    Overwriting symbol font `largesymbols' in version `bold'
(Font)                  LS2/stixex/m/n --> LS2/stixex/b/n on input line 95.
LaTeX Font Info:    Overwriting symbol font `arrows1' in version `bold'
(Font)                  LS1/stixsf/m/n --> LS1/stixsf/b/n on input line 96.
LaTeX Font Info:    Overwriting symbol font `arrows2' in version `bold'
(Font)                  LS1/stixsf/m/it --> LS1/stixsf/b/it on input line 97.
LaTeX Font Info:    Overwriting symbol font `arrows3' in version `bold'
(Font)                  LS2/stixtt/m/n --> LS2/stixtt/b/n on input line 98.
LaTeX Font Info:    Redeclaring math alphabet \mathit on input line 99.
LaTeX Font Info:    Redeclaring math alphabet \mathfrak on input line 102.
LaTeX Font Info:    Redeclaring math alphabet \mathsf on input line 106.
LaTeX Font Info:    Redeclaring math alphabet \mathtt on input line 108.
LaTeX Font Info:    Redeclaring math alphabet \mathbf on input line 109.
LaTeX Info: Redefining \yen on input line 456.
LaTeX Info: Redefining \circledR on input line 458.
LaTeX Info: Redefining \checkmark on input line 460.
LaTeX Info: Redefining \maltese on input line 461.
LaTeX Info: Redefining \vdots on input line 1518.
LaTeX Info: Redefining \cdots on input line 1522.
LaTeX Info: Redefining \not on input line 2144.
)
(/usr/share/texlive/texmf-dist/tex/latex/enumitem/enumitem.sty
Package: enumitem 2011/09/28 v3.5.2 Customized lists
\labelindent=\skip55
\enit@outerparindent=\dimen114
\enit@toks=\toks21
\enit@inbox=\box28
\enitdp@description=\count100
)
(/usr/share/texlive/texmf-dist/tex/latex/listings/listings.sty
\lst@mode=\count101
\lst@gtempboxa=\box29
\lst@token=\toks22
\lst@length=\count102
\lst@currlwidth=\dimen115
\lst@column=\count103
\lst@pos=\count104
\lst@lostspace=\dimen116
\lst@width=\dimen117
\lst@newlines=\count105
\lst@lineno=\count106
\lst@maxwidth=\dimen118

(/usr/share/texlive/texmf-dist/tex/latex/listings/lstmisc.sty
File: lstmisc.sty 2015/06/04 1.6 (Carsten Heinz)
\c@lstnumber=\count107
\lst@skipnumbers=\count108
\lst@framebox=\box30
)
(/usr/share/texlive/texmf-dist/tex/latex/listings/listings.cfg
File: listings.cfg 2015/06/04 1.6 listings configuration
))
Package: listings 2015/06/04 1.6 (Carsten Heinz)

(/usr/share/texlive/texmf-dist/tex/latex/float/float.sty
Package: float 2001/11/08 v1.3d Float enhancements (AL)
\c@float@type=\count109
\float@exts=\toks23
\float@box=\box31
\@float@everytoks=\toks24
\@floatcapt=\box32
)
(/usr/share/texlive/texmf-dist/tex/latex/graphics/color.sty
Package: color 2016/01/03 v1.1b Standard LaTeX Color (DPC)

(/usr/share/texlive/texmf-dist/tex/latex/latexconfig/color.cfg
File: color.cfg 2007/01/18 v1.5 color configuration of teTeX/TeXLive
)
Package color Info: Driver file: pdftex.def on input line 143.
)
\c@problem=\count110
 (./HW2_sol.aux

LaTeX Warning: Label `visina8' multiply defined.


LaTeX Warning: Label `visina8' multiply defined.


LaTeX Warning: Label `visina8' multiply defined.


LaTeX Warning: Label `visina8' multiply defined.


LaTeX Warning: Label `visina8' multiply defined.


LaTeX Warning: Label `visina8' multiply defined.


LaTeX Warning: Label `visina8' multiply defined.


LaTeX Warning: Label `visina8' multiply defined.

)
\openout1 = `HW2_sol.aux'.

LaTeX Font Info:    Checking defaults for OML/cmm/m/it on input line 89.
LaTeX Font Info:    ... okay on input line 89.
LaTeX Font Info:    Checking defaults for T1/cmr/m/n on input line 89.
LaTeX Font Info:    ... okay on input line 89.
LaTeX Font Info:    Checking defaults for OT1/cmr/m/n on input line 89.
LaTeX Font Info:    ... okay on input line 89.
LaTeX Font Info:    Checking defaults for OMS/cmsy/m/n on input line 89.
LaTeX Font Info:    ... okay on input line 89.
LaTeX Font Info:    Checking defaults for OMX/cmex/m/n on input line 89.
LaTeX Font Info:    ... okay on input line 89.
LaTeX Font Info:    Checking defaults for U/cmr/m/n on input line 89.
LaTeX Font Info:    ... okay on input line 89.
LaTeX Font Info:    Checking defaults for TS1/cmr/m/n on input line 89.
LaTeX Font Info:    Try loading font information for TS1+cmr on input line 89.
 (/usr/share/texlive/texmf-dist/tex/latex/base/ts1cmr.fd
File: ts1cmr.fd 2014/09/29 v2.5h Standard LaTeX font definitions
)
LaTeX Font Info:    ... okay on input line 89.
LaTeX Font Info:    Checking defaults for LS1/stix/m/n on input line 89.
LaTeX Font Info:    Try loading font information for LS1+stix on input line 89.


(/usr/share/texlive/texmf-dist/tex/latex/stix/ls1stix.fd
File: ls1stix.fd 2015/04/17 v1.1.2-latex STIX LS1 font definitions
)
LaTeX Font Info:    ... okay on input line 89.
LaTeX Font Info:    Checking defaults for LS2/stix/m/n on input line 89.
LaTeX Font Info:    Try loading font information for LS2+stix on input line 89.


(/usr/share/texlive/texmf-dist/tex/latex/stix/ls2stix.fd
File: ls2stix.fd 2015/04/17 v1.1.2-latex STIX LS2 font definitions
)
LaTeX Font Info:    ... okay on input line 89.
LaTeX Font Info:    Try loading font information for T1+stix on input line 89.

(/usr/share/texlive/texmf-dist/tex/latex/stix/t1stix.fd
File: t1stix.fd 2015/04/17 v1.1.2-latex STIX T1 font definitions
)
Package lastpage Info: Please have a look at the pageslts package at
(lastpage)             https://www.ctan.org/pkg/pageslts
(lastpage)             ! on input line 89.

(/usr/share/texlive/texmf-dist/tex/context/base/supp-pdf.mkii
[Loading MPS to PDF converter (version 2006.09.02).]
\scratchcounter=\count111
\scratchdimen=\dimen119
\scratchbox=\box33
\nofMPsegments=\count112
\nofMParguments=\count113
\everyMPshowfont=\toks25
\MPscratchCnt=\count114
\MPscratchDim=\dimen120
\MPnumerator=\count115
\makeMPintoPDFobject=\count116
\everyMPtoPDFconversion=\toks26
) (/usr/share/texlive/texmf-dist/tex/generic/oberdiek/pdftexcmds.sty
Package: pdftexcmds 2011/11/29 v0.20 Utility functions of pdfTeX for LuaTeX (HO
)

(/usr/share/texlive/texmf-dist/tex/generic/oberdiek/ifluatex.sty
Package: ifluatex 2010/03/01 v1.3 Provides the ifluatex switch (HO)
Package ifluatex Info: LuaTeX not detected.
)
(/usr/share/texlive/texmf-dist/tex/generic/oberdiek/ifpdf.sty
Package: ifpdf 2011/01/30 v2.3 Provides the ifpdf switch (HO)
Package ifpdf Info: pdfTeX in PDF mode is detected.
)
Package pdftexcmds Info: LuaTeX not detected.
Package pdftexcmds Info: \pdf@primitive is available.
Package pdftexcmds Info: \pdf@ifprimitive is available.
Package pdftexcmds Info: \pdfdraftmode found.
)
(/usr/share/texlive/texmf-dist/tex/latex/oberdiek/epstopdf-base.sty
Package: epstopdf-base 2010/02/09 v2.5 Base part for package epstopdf

(/usr/share/texlive/texmf-dist/tex/latex/oberdiek/grfext.sty
Package: grfext 2010/08/19 v1.1 Manage graphics extensions (HO)

(/usr/share/texlive/texmf-dist/tex/generic/oberdiek/kvdefinekeys.sty
Package: kvdefinekeys 2011/04/07 v1.3 Define keys (HO)
))
(/usr/share/texlive/texmf-dist/tex/latex/oberdiek/kvoptions.sty
Package: kvoptions 2011/06/30 v3.11 Key value format for package options (HO)

(/usr/share/texlive/texmf-dist/tex/generic/oberdiek/kvsetkeys.sty
Package: kvsetkeys 2012/04/25 v1.16 Key value parser (HO)

(/usr/share/texlive/texmf-dist/tex/generic/oberdiek/etexcmds.sty
Package: etexcmds 2011/02/16 v1.5 Avoid name clashes with e-TeX commands (HO)
Package etexcmds Info: Could not find \expanded.
(etexcmds)             That can mean that you are not using pdfTeX 1.50 or
(etexcmds)             that some package has redefined \expanded.
(etexcmds)             In the latter case, load this package earlier.
)))
Package grfext Info: Graphics extension search list:
(grfext)             [.png,.pdf,.jpg,.mps,.jpeg,.jbig2,.jb2,.PNG,.PDF,.JPG,.JPE
G,.JBIG2,.JB2,.eps]
(grfext)             \AppendGraphicsExtensions on input line 452.

(/usr/share/texlive/texmf-dist/tex/latex/latexconfig/epstopdf-sys.cfg
File: epstopdf-sys.cfg 2010/07/13 v1.3 Configuration of (r)epstopdf for TeX Liv
e
))
\c@lstlisting=\count117
LaTeX Font Info:    Font shape `T1/stix/bx/n' in size <12> not available
(Font)              Font shape `T1/stix/b/n' tried instead on input line 92.
LaTeX Font Info:    Try loading font information for LS1+stixscr on input line 
105.

(/usr/share/texlive/texmf-dist/tex/latex/stix/ls1stixscr.fd
File: ls1stixscr.fd 2015/04/17 v1.1.2-latex STIX script LS1 font definitions
)
LaTeX Font Info:    Try loading font information for LS2+stixex on input line 1
05.

(/usr/share/texlive/texmf-dist/tex/latex/stix/ls2stixex.fd
File: ls2stixex.fd 2015/04/17 v1.1.2-latex STIX extentions LS2 font definitions

)
LaTeX Font Info:    Try loading font information for U+msa on input line 105.

(/usr/share/texlive/texmf-dist/tex/latex/amsfonts/umsa.fd
File: umsa.fd 2013/01/14 v3.01 AMS symbols A
)
LaTeX Font Info:    Try loading font information for U+msb on input line 105.

(/usr/share/texlive/texmf-dist/tex/latex/amsfonts/umsb.fd
File: umsb.fd 2013/01/14 v3.01 AMS symbols B
)
LaTeX Font Info:    Try loading font information for LS1+stixfrak on input line
 105.

(/usr/share/texlive/texmf-dist/tex/latex/stix/ls1stixfrak.fd
File: ls1stixfrak.fd 2015/04/17 v1.1.2-latex STIX fraktur LS1 font definitions
)
LaTeX Font Info:    Try loading font information for LS1+stixbb on input line 1
05.

(/usr/share/texlive/texmf-dist/tex/latex/stix/ls1stixbb.fd
File: ls1stixbb.fd 2015/04/17 v1.1.2-latex STIX blackboard LS1 font definitions

)
LaTeX Font Info:    Try loading font information for LS2+stixcal on input line 
105.

(/usr/share/texlive/texmf-dist/tex/latex/stix/ls2stixcal.fd
File: ls2stixcal.fd 2015/04/17 v1.1.2-latex STIX calligraphic LS2 font definiti
ons
)
LaTeX Font Info:    Try loading font information for LS1+stixsf on input line 1
05.

(/usr/share/texlive/texmf-dist/tex/latex/stix/ls1stixsf.fd
File: ls1stixsf.fd 2015/04/17 v1.1.2-latex STIX sans-serif LS1 font definitions

)
LaTeX Font Info:    Try loading font information for LS2+stixtt on input line 1
05.

(/usr/share/texlive/texmf-dist/tex/latex/stix/ls2stixtt.fd
File: ls2stixtt.fd 2015/04/17 v1.1.2-latex STIX typewriter LS2 font definitions

)
Underfull \hbox (badness 10000) in paragraph at lines 109--110

 []


Underfull \hbox (badness 10000) in paragraph at lines 113--114

 []

[1

{/var/lib/texmf/fonts/map/pdftex/updmap/pdftex.map}]
Underfull \hbox (badness 1014) in paragraph at lines 117--118
\T1/stix/m/n/12 . Then we have that $\LS1/stix/m/n/12 .\LS1/stix/m/it/12 G[] \L
S1/stix/m/n/12 * \LS1/stix/m/it/12 G[]\LS1/stix/m/n/12 /.\LS1/stix/m/it/12 u[];
 v[]\LS1/stix/m/n/12 / = \LS1/stix/m/it/12 G[]\LS1/stix/m/n/12 .\LS1/stix/m/it/
12 u[]; v[]\LS1/stix/m/n/12 / * \LS1/stix/m/it/12 G[]\LS1/stix/m/n/12 .\LS1/sti
x/m/it/12 u[]; v[]\LS1/stix/m/n/12 / = []\LS1/stix/m/it/12 e[] \LS1/stix/m/n/12
 *
 []

(/usr/share/texlive/texmf-dist/tex/latex/listings/lstlang1.sty
File: lstlang1.sty 2015/06/04 1.6 listings language file
) (./harris.m
LaTeX Font Info:    Try loading font information for TS1+stix on input line 15.


(/usr/share/texlive/texmf-dist/tex/latex/stix/ts1stix.fd
File: ts1stix.fd 2015/04/17 v1.1.2-latex STIX TS1 font definitions
) [2] [3])
<response_checkerboard.png, id=20, 120.45pt x 120.45pt>
File: response_checkerboard.png Graphic file (type png)

<use response_checkerboard.png>
Package pdftex.def Info: response_checkerboard.png used on input line 140.
(pdftex.def)             Requested size: 120.44969pt x 120.44969pt.
 [4]
<detect_checkerboard.png, id=24, 150.5625pt x 150.5625pt>
File: detect_checkerboard.png Graphic file (type png)

<use detect_checkerboard.png>
Package pdftex.def Info: detect_checkerboard.png used on input line 150.
(pdftex.def)             Requested size: 150.56212pt x 150.56212pt.

<response_rings.png, id=25, 100.375pt x 100.375pt>
File: response_rings.png Graphic file (type png)
 <use response_rings.png>
Package pdftex.def Info: response_rings.png used on input line 164.
(pdftex.def)             Requested size: 100.37474pt x 100.37474pt.

[5 <./response_checkerboard.png (PNG copy)> <./detect_checkerboard.png (PNG cop
y)> <./response_rings.png (PNG copy)>] (./run_3_3.m)
<detect_rings.png, id=29, 150.5625pt x 150.5625pt>
File: detect_rings.png Graphic file (type png)
 <use detect_rings.png>
Package pdftex.def Info: detect_rings.png used on input line 182.
(pdftex.def)             Requested size: 150.56212pt x 150.56212pt.

<red_showcorrespondences_4.png, id=30, 421.575pt x 316.18124pt>
File: red_showcorrespondences_4.png Graphic file (type png)

<use red_showcorrespondences_4.png>
Package pdftex.def Info: red_showcorrespondences_4.png used on input line 196.
(pdftex.def)             Requested size: 548.04742pt x 411.03557pt.
 [6 <./detect_rings.png (PNG copy)>]
<red_showcorrespondences_10.png, id=34, 421.575pt x 316.18124pt>
File: red_showcorrespondences_10.png Graphic file (type png)

<use red_showcorrespondences_10.png>
Package pdftex.def Info: red_showcorrespondences_10.png used on input line 206.

(pdftex.def)             Requested size: 548.04742pt x 411.03557pt.
 [7 <./red_showcorrespondences_4.png (PNG copy)>] <red_showcorrespondences_20.p
ng, id=39, 1605.74907pt x 702.37407pt>
File: red_showcorrespondences_20.png Graphic file (type png)

<use red_showcorrespondences_20.png>
Package pdftex.def Info: red_showcorrespondences_20.png used on input line 216.

(pdftex.def)             Requested size: 481.72844pt x 210.71384pt.
 [8 <./red_showcorrespondences_10.png (PNG copy)>] <red_stitched1_4.png, id=43,
 1259.70625pt x 620.3175pt>
File: red_stitched1_4.png Graphic file (type png)

<use red_stitched1_4.png>
Package pdftex.def Info: red_stitched1_4.png used on input line 226.
(pdftex.def)             Requested size: 629.8516pt x 310.15799pt.

<red_stitched1_10.png, id=45, 1527.7075pt x 784.9325pt>
File: red_stitched1_10.png Graphic file (type png)

<use red_stitched1_10.png>
Package pdftex.def Info: red_stitched1_10.png used on input line 236.
(pdftex.def)             Requested size: 763.85188pt x 392.46529pt.

Overfull \hbox (123.38037pt too wide) in paragraph at lines 236--237
 [] 
 []

[9 <./red_showcorrespondences_20.png (PNG copy)> <./red_stitched1_4.png>]
<red_stitched1_20.png, id=50, 803.0pt x 602.25pt>
File: red_stitched1_20.png Graphic file (type png)
 <use red_stitched1_20.png>
Package pdftex.def Info: red_stitched1_20.png used on input line 246.
(pdftex.def)             Requested size: 401.49902pt x 301.12425pt.

[10 <./red_stitched1_10.png>] [11 <./red_stitched1_20.png>]
<circle_scale_space.jpg, id=59, 2142.0025pt x 1034.86626pt>
File: circle_scale_space.jpg Graphic file (type jpg)

<use circle_scale_space.jpg>
Package pdftex.def Info: circle_scale_space.jpg used on input line 272.
(pdftex.def)             Requested size: 428.39291pt x 206.96957pt.

<sunflower_scale_space.jpg, id=60, 2142.0025pt x 1034.86626pt>
File: sunflower_scale_space.jpg Graphic file (type jpg)

<use sunflower_scale_space.jpg>
Package pdftex.def Info: sunflower_scale_space.jpg used on input line 284.
(pdftex.def)             Requested size: 428.39291pt x 206.96957pt.

<fly_scale_space.jpg, id=61, 2142.0025pt x 1034.86626pt>
File: fly_scale_space.jpg Graphic file (type jpg)

<use fly_scale_space.jpg>
Package pdftex.def Info: fly_scale_space.jpg used on input line 296.
(pdftex.def)             Requested size: 428.39291pt x 206.96957pt.
 [12 <./circle_scale_space.jpg> <./sunflower_scale_space.jpg>] <circle_maxima.j
pg, id=66, 562.1pt x 421.575pt>
File: circle_maxima.jpg Graphic file (type jpg)

<use circle_maxima.jpg>
Package pdftex.def Info: circle_maxima.jpg used on input line 310.
(pdftex.def)             Requested size: 674.51663pt x 505.88745pt.

Overfull \hbox (34.04512pt too wide) in paragraph at lines 310--311
 [] 
 []

[13 <./fly_scale_space.jpg>] <fly_maxima.jpg, id=71, 562.1pt x 421.575pt>
File: fly_maxima.jpg Graphic file (type jpg)

<use fly_maxima.jpg>
Package pdftex.def Info: fly_maxima.jpg used on input line 322.
(pdftex.def)             Requested size: 674.51663pt x 505.88745pt.

Overfull \hbox (34.04512pt too wide) in paragraph at lines 322--323
 [] 
 []

[14 <./circle_maxima.jpg>] <sunflower_maxima.jpg, id=75, 562.1pt x 421.575pt>
File: sunflower_maxima.jpg Graphic file (type jpg)

<use sunflower_maxima.jpg>
Package pdftex.def Info: sunflower_maxima.jpg used on input line 334.
(pdftex.def)             Requested size: 674.51663pt x 505.88745pt.

Overfull \hbox (34.04512pt too wide) in paragraph at lines 334--335
 [] 
 []

[15 <./fly_maxima.jpg>] [16 <./sunflower_maxima.jpg>] (./filterBlobs.m [17]
[18]) <filtered_sunflower.jpg, id=88, 562.1pt x 421.575pt>
File: filtered_sunflower.jpg Graphic file (type jpg)

<use filtered_sunflower.jpg>
Package pdftex.def Info: filtered_sunflower.jpg used on input line 356.
(pdftex.def)             Requested size: 449.68062pt x 337.26045pt.
 [19]
<filtered_brainfly.jpg, id=93, 1371.1225pt x 662.475pt>
File: filtered_brainfly.jpg Graphic file (type jpg)

<use filtered_brainfly.jpg>
Package pdftex.def Info: filtered_brainfly.jpg used on input line 366.
(pdftex.def)             Requested size: 548.43929pt x 264.9853pt.
 [20 <./filtered_sunflower.jpg>]
<filtered_circle.jpg, id=97, 1371.1225pt x 662.475pt>
File: filtered_circle.jpg Graphic file (type jpg)

<use filtered_circle.jpg>
Package pdftex.def Info: filtered_circle.jpg used on input line 376.
(pdftex.def)             Requested size: 548.43929pt x 264.9853pt.
 [21 <./filtered_brainfly.jpg>]

AED: lastpage setting LastPage
[22 <./filtered_circle.jpg>] (./HW2_sol.aux)

LaTeX Warning: There were multiply-defined labels.

 ) 
Here is how much of TeX's memory you used:
 6908 strings out of 494953
 92815 string characters out of 6180977
 370052 words of memory out of 5000000
 10052 multiletter control sequences out of 15000+600000
 55073 words of font info for 92 fonts, out of 8000000 for 9000
 14 hyphenation exceptions out of 8191
 38i,8n,43p,999b,2216s stack positions out of 5000i,500n,10000p,200000b,80000s
{/usr/share/texlive/texmf-dist/fonts/enc/dvips/stix/stix-t1.enc}{/usr/share/t
exlive/texmf-dist/fonts/enc/dvips/stix/stix-ts1.enc}</usr/share/texlive/texmf-d
ist/fonts/type1/public/stix/STIXGeneral-Bold.pfb></usr/share/texlive/texmf-dist
/fonts/type1/public/stix/STIXGeneral-Italic.pfb></usr/share/texlive/texmf-dist/
fonts/type1/public/stix/STIXGeneral-Regular.pfb></usr/share/texlive/texmf-dist/
fonts/type1/public/stix/stix-mathcal.pfb></usr/share/texlive/texmf-dist/fonts/t
ype1/public/stix/stix-mathex.pfb></usr/share/texlive/texmf-dist/fonts/type1/pub
lic/stix/stix-mathit.pfb></usr/share/texlive/texmf-dist/fonts/type1/public/stix
/stix-mathrm.pfb></usr/share/texlive/texmf-dist/fonts/type1/public/stix/stix-ma
thscr.pfb>
Output written on HW2_sol.pdf (22 pages, 7578535 bytes).
PDF statistics:
 134 PDF objects out of 1000 (max. 8388607)
 79 compressed objects within 1 object stream
 0 named destinations out of 1000 (max. 500000)
 96 words of extra memory for PDF output out of 10000 (max. 10000000)

